<?xml version="1.0" encoding="UTF-8"?>
<!-- Generated by org.testng.reporters.JUnitReportReporter -->
<testsuite hostname="DESKTOP-2O1IECR" failures="0" tests="1" name="Sample.AdditionTest" time="0.005" errors="0" timestamp="2023-04-14T11:13:36 IST" skipped="0">
  <testcase classname="Sample.AdditionTest" name="add" time="0.005"/>
  <system-out/>
</testsuite> <!-- Sample.AdditionTest -->
