<?xml version="1.0" encoding="UTF-8"?>
<!-- Generated by org.testng.reporters.JUnitReportReporter -->
<testsuite hostname="DESKTOP-2O1IECR" failures="0" tests="1" name="Sample.Sampletest" time="0.007" errors="0" timestamp="2023-04-14T10:54:12 IST" skipped="0">
  <testcase classname="Sample.Sampletest" name="sample" time="0.007"/>
  <system-out/>
</testsuite> <!-- Sample.Sampletest -->
