<?xml version="1.0" encoding="UTF-8"?>
<!-- Generated by org.testng.reporters.JUnitReportReporter -->
<testsuite hostname="DESKTOP-2O1IECR" failures="0" tests="1" name="Sample.Sample2test" time="0.006" errors="0" timestamp="2023-04-14T11:05:15 IST" skipped="0">
  <testcase classname="Sample.Sample2test" name="add" time="0.006"/>
  <system-out/>
</testsuite> <!-- Sample.Sample2test -->
