<?xml version="1.0" encoding="UTF-8"?>
<!-- Generated by org.testng.reporters.JUnitReportReporter -->
<testsuite hostname="DESKTOP-2O1IECR" failures="0" tests="1" name="Sample.Demo" time="0.008" errors="0" timestamp="2023-04-12T11:33:07 IST" skipped="0">
  <testcase classname="Sample.Demo" name="demo" time="0.008"/>
  <system-out/>
</testsuite> <!-- Sample.Demo -->
